<?xml version="1.0" encoding="UTF-8"?>
<!-- Generated by org.testng.reporters.JUnitReportReporter -->
<testsuite hostname="DESKTOP-S7TR9BL" failures="0" tests="1" name="TestNgClasses.NewTest" time="51.712" errors="0" timestamp="2020-03-26T16:49:02 IST" skipped="0">
  <testcase classname="TestNgClasses.NewTest" name="ProductRemoval" time="51.712"/>
</testsuite> <!-- TestNgClasses.NewTest -->
